Using pre-set license
Built from '2021.3/staging' branch; Version is '2021.3.8f1 (b30333d56e81) revision 11731763'; Using compiler version '192829333'; Build Type 'Release'
OS: 'Windows 10  (10.0.19042) 64bit Enterprise' Language: 'en' Physical Memory: 16212 MB
BatchMode: 1, IsHumanControllingUs: 0, StartBugReporterOnCrash: 0, Is64bit: 1, IsPro: 1

COMMAND LINE ARGUMENTS:
C:\Program Files\Unity\Hub\Editor\2021.3.8f1\Editor\Unity.exe
-adb2
-batchMode
-noUpm
-name
AssetImportWorker0
-projectPath
C:/Users/zradinski/Desktop/game dev/My project
-logFile
Logs/AssetImportWorker0.log
-srvPort
60296
Successfully changed project path to: C:/Users/zradinski/Desktop/game dev/My project
C:/Users/zradinski/Desktop/game dev/My project
[UnityMemory] Configuration Parameters - Can be set up in boot.config
    "memorysetup-bucket-allocator-granularity=16"
    "memorysetup-bucket-allocator-bucket-count=8"
    "memorysetup-bucket-allocator-block-size=33554432"
    "memorysetup-bucket-allocator-block-count=8"
    "memorysetup-main-allocator-block-size=16777216"
    "memorysetup-thread-allocator-block-size=16777216"
    "memorysetup-gfx-main-allocator-block-size=16777216"
    "memorysetup-gfx-thread-allocator-block-size=16777216"
    "memorysetup-cache-allocator-block-size=4194304"
    "memorysetup-typetree-allocator-block-size=2097152"
    "memorysetup-profiler-bucket-allocator-granularity=16"
    "memorysetup-profiler-bucket-allocator-bucket-count=8"
    "memorysetup-profiler-bucket-allocator-block-size=33554432"
    "memorysetup-profiler-bucket-allocator-block-count=8"
    "memorysetup-profiler-allocator-block-size=16777216"
    "memorysetup-profiler-editor-allocator-block-size=1048576"
    "memorysetup-temp-allocator-size-main=16777216"
    "memorysetup-job-temp-allocator-block-size=2097152"
    "memorysetup-job-temp-allocator-block-size-background=1048576"
    "memorysetup-job-temp-allocator-reduction-small-platforms=262144"
    "memorysetup-temp-allocator-size-background-worker=32768"
    "memorysetup-temp-allocator-size-job-worker=262144"
    "memorysetup-temp-allocator-size-preload-manager=33554432"
    "memorysetup-temp-allocator-size-nav-mesh-worker=65536"
    "memorysetup-temp-allocator-size-audio-worker=65536"
    "memorysetup-temp-allocator-size-cloud-worker=32768"
    "memorysetup-temp-allocator-size-gi-baking-worker=262144"
    "memorysetup-temp-allocator-size-gfx=262144"
Refreshing native plugins compatible for Editor in 252.06 ms, found 3 plugins.
Preloading 0 native plugins for Editor in 0.00 ms.
Initialize engine version: 2021.3.8f1 (b30333d56e81)
[Subsystems] Discovering subsystems at path C:/Program Files/Unity/Hub/Editor/2021.3.8f1/Editor/Data/Resources/UnitySubsystems
[Subsystems] Discovering subsystems at path C:/Users/zradinski/Desktop/game dev/My project/Assets
GfxDevice: creating device client; threaded=0; jobified=0
Direct3D:
    Version:  Direct3D 11.0 [level 11.1]
    Renderer: Intel(R) UHD Graphics 620 (ID=0x5917)
    Vendor:   Intel
    VRAM:     8106 MB
    Driver:   27.20.100.8681
Initialize mono
Mono path[0] = 'C:/Program Files/Unity/Hub/Editor/2021.3.8f1/Editor/Data/Managed'
Mono path[1] = 'C:/Program Files/Unity/Hub/Editor/2021.3.8f1/Editor/Data/MonoBleedingEdge/lib/mono/unityjit-win32'
Mono config path = 'C:/Program Files/Unity/Hub/Editor/2021.3.8f1/Editor/Data/MonoBleedingEdge/etc'
Using monoOptions --debugger-agent=transport=dt_socket,embedding=1,server=y,suspend=n,address=127.0.0.1:56440
Begin MonoManager ReloadAssembly
Registering precompiled unity dll's ...
Register platform support module: C:/Program Files/Unity/Hub/Editor/2021.3.8f1/Editor/Data/PlaybackEngines/WebGLSupport/UnityEditor.WebGL.Extensions.dll
Register platform support module: C:/Program Files/Unity/Hub/Editor/2021.3.8f1/Editor/Data/PlaybackEngines/WindowsStandaloneSupport/UnityEditor.WindowsStandalone.Extensions.dll
Registered in 0.032041 seconds.
Native extension for WindowsStandalone target not found
Native extension for WebGL target not found
Refreshing native plugins compatible for Editor in 227.29 ms, found 3 plugins.
Preloading 0 native plugins for Editor in 0.00 ms.
Mono: successfully reloaded assembly
- Completed reload, in  1.877 seconds
Domain Reload Profiling:
	ReloadAssembly (1878ms)
		BeginReloadAssembly (245ms)
			ExecutionOrderSort (0ms)
			DisableScriptedObjects (0ms)
			BackupInstance (0ms)
			ReleaseScriptingObjects (0ms)
			CreateAndSetChildDomain (2ms)
		EndReloadAssembly (1294ms)
			LoadAssemblies (239ms)
			RebuildTransferFunctionScriptingTraits (0ms)
			SetupTypeCache (300ms)
			ReleaseScriptCaches (0ms)
			RebuildScriptCaches (73ms)
			SetupLoadedEditorAssemblies (773ms)
				LogAssemblyErrors (0ms)
				InitializePlatformSupportModulesInManaged (26ms)
				SetLoadedEditorAssemblies (1ms)
				RefreshPlugins (228ms)
				BeforeProcessingInitializeOnLoad (4ms)
				ProcessInitializeOnLoadAttributes (379ms)
				ProcessInitializeOnLoadMethodAttributes (135ms)
				AfterProcessingInitializeOnLoad (0ms)
				EditorAssembliesLoaded (0ms)
			ExecutionOrderSort2 (0ms)
			AwakeInstancesAfterBackupRestoration (0ms)
Platform modules already initialized, skipping
Registering precompiled user dll's ...
Registered in 0.019970 seconds.
Begin MonoManager ReloadAssembly
Symbol file LoadedFromMemory doesn't match image C:\Users\zradinski\Desktop\game dev\My project\Library\PackageCache\com.unity.visualscripting@1.7.8\Editor\VisualScripting.Core\Dependencies\YamlDotNet\Unity.VisualScripting.YamlDotNet.dll
Symbol file LoadedFromMemory doesn't match image C:\Users\zradinski\Desktop\game dev\My project\Library\PackageCache\com.unity.visualscripting@1.7.8\Editor\VisualScripting.Core\Dependencies\DotNetZip\Unity.VisualScripting.IonicZip.dll
Native extension for WindowsStandalone target not found
Native extension for WebGL target not found
Refreshing native plugins compatible for Editor in 1.12 ms, found 3 plugins.
Preloading 0 native plugins for Editor in 0.00 ms.
Mono: successfully reloaded assembly
- Completed reload, in  3.589 seconds
Domain Reload Profiling:
	ReloadAssembly (3592ms)
		BeginReloadAssembly (348ms)
			ExecutionOrderSort (0ms)
			DisableScriptedObjects (20ms)
			BackupInstance (0ms)
			ReleaseScriptingObjects (0ms)
			CreateAndSetChildDomain (49ms)
		EndReloadAssembly (2856ms)
			LoadAssemblies (274ms)
			RebuildTransferFunctionScriptingTraits (0ms)
			SetupTypeCache (954ms)
			ReleaseScriptCaches (1ms)
			RebuildScriptCaches (209ms)
			SetupLoadedEditorAssemblies (1297ms)
				LogAssemblyErrors (0ms)
				InitializePlatformSupportModulesInManaged (16ms)
				SetLoadedEditorAssemblies (1ms)
				RefreshPlugins (1ms)
				BeforeProcessingInitializeOnLoad (339ms)
				ProcessInitializeOnLoadAttributes (802ms)
				ProcessInitializeOnLoadMethodAttributes (100ms)
				AfterProcessingInitializeOnLoad (37ms)
				EditorAssembliesLoaded (1ms)
			ExecutionOrderSort2 (0ms)
			AwakeInstancesAfterBackupRestoration (27ms)
Platform modules already initialized, skipping
========================================================================
Worker process is ready to serve import requests
Launched and connected shader compiler UnityShaderCompiler.exe after 0.14 seconds
Refreshing native plugins compatible for Editor in 0.89 ms, found 3 plugins.
Preloading 0 native plugins for Editor in 0.00 ms.
Unloading 3378 Unused Serialized files (Serialized files now loaded: 0)
Unloading 27 unused Assets / (110.9 KB). Loaded Objects now: 3835.
Memory consumption went from 116.2 MB to 116.0 MB.
Total: 4.346200 ms (FindLiveObjects: 0.356900 ms CreateObjectMapping: 0.252400 ms MarkObjects: 3.572800 ms  DeleteObjects: 0.162900 ms)

AssetImportParameters requested are different than current active one (requested -> active):
  custom:video-decoder-ogg-theora: a1e56fd34408186e4bbccfd4996cb3dc -> 
  custom:container-muxer-webm: aa71ff27fc2769a1b78a27578f13a17b -> 
  custom:container-demuxer-webm: 4f35f7cbe854078d1ac9338744f61a02 -> 
  custom:video-encoder-webm-vp8: eb34c28f22e8b96e1ab97ce403110664 -> 
  custom:audio-encoder-webm-vorbis: bf7c407c2cedff20999df2af8eb42d56 -> 
  custom:framework-win-MediaFoundation: 216162199b28c13a410421893ffa2e32 -> 
  custom:container-demuxer-ogg: 62fdf1f143b41e24485cea50d1cbac27 -> 
  custom:video-decoder-webm-vp8: 9c59270c3fd7afecdb556c50c9e8de78 -> 
  custom:audio-decoder-ogg-vorbis: bf7c407c2cedff20999df2af8eb42d56 -> 
========================================================================
Received Import Request.
  Time since last request: 1709289.402066 seconds.
  path: Assets/models/Scenes
  artifactKey: Guid(6ea315d0fd7389c41b19996891e99ae3) Importer(815301076,1909f56bfc062723c751e8b465ee728b)
Start importing Assets/models/Scenes using Guid(6ea315d0fd7389c41b19996891e99ae3) Importer(815301076,1909f56bfc062723c751e8b465ee728b)  -> (artifact id: 'b8193726cff86800c54781cdc6d54904') in 0.009476 seconds 
========================================================================
Received Import Request.
  Time since last request: 0.000019 seconds.
  path: Assets/models/Scenes/SampleScene.unity
  artifactKey: Guid(9fc0d4010bbf28b4594072e72b8655ab) Importer(815301076,1909f56bfc062723c751e8b465ee728b)
Start importing Assets/models/Scenes/SampleScene.unity using Guid(9fc0d4010bbf28b4594072e72b8655ab) Importer(815301076,1909f56bfc062723c751e8b465ee728b)  -> (artifact id: 'afc665234a147e8d52efb2b4598b4bac') in 0.006124 seconds 
========================================================================
Received Import Request.
  Time since last request: 3.672133 seconds.
  path: Assets/textures/hd_realistic_textures/215.jpg
  artifactKey: Guid(a88c6bd8f62c04b48b192ce7c0f0a3d0) Importer(815301076,1909f56bfc062723c751e8b465ee728b)
Start importing Assets/textures/hd_realistic_textures/215.jpg using Guid(a88c6bd8f62c04b48b192ce7c0f0a3d0) Importer(815301076,1909f56bfc062723c751e8b465ee728b)  -> (artifact id: '5030e0906d65e935f78768d5a77d05df') in 0.511720 seconds 
========================================================================
Received Import Request.
  Time since last request: 0.000047 seconds.
  path: Assets/textures/hd_realistic_textures/216_norm.jpg
  artifactKey: Guid(4ce092bdd87bc5246b879ab3f3daaeb8) Importer(815301076,1909f56bfc062723c751e8b465ee728b)
Start importing Assets/textures/hd_realistic_textures/216_norm.jpg using Guid(4ce092bdd87bc5246b879ab3f3daaeb8) Importer(815301076,1909f56bfc062723c751e8b465ee728b)  -> (artifact id: '4ed65c40789b2990990632563c2f3aa7') in 0.027978 seconds 
========================================================================
Received Import Request.
  Time since last request: 0.000061 seconds.
  path: Assets/textures/hd_realistic_textures/217.jpg
  artifactKey: Guid(8525f46661bb2624b91f55dd17228c3c) Importer(815301076,1909f56bfc062723c751e8b465ee728b)
Start importing Assets/textures/hd_realistic_textures/217.jpg using Guid(8525f46661bb2624b91f55dd17228c3c) Importer(815301076,1909f56bfc062723c751e8b465ee728b)  -> (artifact id: '44241be4e3aed582cefef4c2485a12f9') in 0.032641 seconds 
========================================================================
Received Import Request.
  Time since last request: 0.000037 seconds.
  path: Assets/textures/hd_realistic_textures/223.jpg
  artifactKey: Guid(9ae617a73b5a4c1438a6f9a5c474faf4) Importer(815301076,1909f56bfc062723c751e8b465ee728b)
Start importing Assets/textures/hd_realistic_textures/223.jpg using Guid(9ae617a73b5a4c1438a6f9a5c474faf4) Importer(815301076,1909f56bfc062723c751e8b465ee728b)  -> (artifact id: '24dbf1537f9b4c1eae2c396397b881c4') in 0.032963 seconds 
========================================================================
Received Import Request.
  Time since last request: 0.000040 seconds.
  path: Assets/textures/hd_realistic_textures/222.jpg
  artifactKey: Guid(8b323e1dd0edb6043be3f88cc5efa890) Importer(815301076,1909f56bfc062723c751e8b465ee728b)
Start importing Assets/textures/hd_realistic_textures/222.jpg using Guid(8b323e1dd0edb6043be3f88cc5efa890) Importer(815301076,1909f56bfc062723c751e8b465ee728b)  -> (artifact id: '3a10c24b928a94022e1871acd06193ae') in 0.031952 seconds 
========================================================================
Received Import Request.
  Time since last request: 0.000038 seconds.
  path: Assets/textures/hd_realistic_textures/219.jpg
  artifactKey: Guid(fecf57150059c494d80006d986dacb38) Importer(815301076,1909f56bfc062723c751e8b465ee728b)
Start importing Assets/textures/hd_realistic_textures/219.jpg using Guid(fecf57150059c494d80006d986dacb38) Importer(815301076,1909f56bfc062723c751e8b465ee728b)  -> (artifact id: '591fbb50430eddc40a9783f4790cbb88') in 0.035150 seconds 
========================================================================
Received Import Request.
  Time since last request: 0.000036 seconds.
  path: Assets/textures/hd_realistic_textures/220_norm.jpg
  artifactKey: Guid(69c67ac0d59d803438ec7f700ebdfa4b) Importer(815301076,1909f56bfc062723c751e8b465ee728b)
Start importing Assets/textures/hd_realistic_textures/220_norm.jpg using Guid(69c67ac0d59d803438ec7f700ebdfa4b) Importer(815301076,1909f56bfc062723c751e8b465ee728b)  -> (artifact id: '517d8382b8475b82f106adadf6629a21') in 0.036570 seconds 
========================================================================
Received Import Request.
  Time since last request: 0.000053 seconds.
  path: Assets/textures/hd_realistic_textures/219_norm.jpg
  artifactKey: Guid(ac775a2b65a577d4ca45a0c10c435674) Importer(815301076,1909f56bfc062723c751e8b465ee728b)
Start importing Assets/textures/hd_realistic_textures/219_norm.jpg using Guid(ac775a2b65a577d4ca45a0c10c435674) Importer(815301076,1909f56bfc062723c751e8b465ee728b)  -> (artifact id: '1428e87041a6443c55c187b0bc1f8955') in 0.033453 seconds 
========================================================================
Received Import Request.
  Time since last request: 0.000170 seconds.
  path: Assets/textures/hd_realistic_textures/217_norm.jpg
  artifactKey: Guid(eed7b78756daa1044a4b6942cb1ad484) Importer(815301076,1909f56bfc062723c751e8b465ee728b)
Start importing Assets/textures/hd_realistic_textures/217_norm.jpg using Guid(eed7b78756daa1044a4b6942cb1ad484) Importer(815301076,1909f56bfc062723c751e8b465ee728b)  -> (artifact id: 'bbab7c62cbaac178192a6fc45e04adbb') in 0.034382 seconds 
========================================================================
Received Import Request.
  Time since last request: 5.637435 seconds.
  path: Assets/textures/hd_realistic_textures/224.jpg
  artifactKey: Guid(fd3ef56237c893349b15ba0b9850bf1c) Importer(815301076,1909f56bfc062723c751e8b465ee728b)
Start importing Assets/textures/hd_realistic_textures/224.jpg using Guid(fd3ef56237c893349b15ba0b9850bf1c) Importer(815301076,1909f56bfc062723c751e8b465ee728b)  -> (artifact id: 'fce10507f3caf3a8fafa4777cc58f851') in 0.071284 seconds 
========================================================================
Received Import Request.
  Time since last request: 0.000061 seconds.
  path: Assets/textures/hd_realistic_textures/237.jpg
  artifactKey: Guid(b37b0aa89ba85894e9f451e7f390c5bc) Importer(815301076,1909f56bfc062723c751e8b465ee728b)
Start importing Assets/textures/hd_realistic_textures/237.jpg using Guid(b37b0aa89ba85894e9f451e7f390c5bc) Importer(815301076,1909f56bfc062723c751e8b465ee728b)  -> (artifact id: '09975758e295b0d8d02f42aaa78f03c4') in 0.033678 seconds 
========================================================================
Received Import Request.
  Time since last request: 0.000042 seconds.
  path: Assets/textures/hd_realistic_textures/231.jpg
  artifactKey: Guid(4b37ed91501044949bf31f70d3862990) Importer(815301076,1909f56bfc062723c751e8b465ee728b)
Start importing Assets/textures/hd_realistic_textures/231.jpg using Guid(4b37ed91501044949bf31f70d3862990) Importer(815301076,1909f56bfc062723c751e8b465ee728b)  -> (artifact id: 'da9bfb6675325a58b0d0f9e760579d14') in 0.044572 seconds 
========================================================================
Received Import Request.
  Time since last request: 0.000043 seconds.
  path: Assets/textures/hd_realistic_textures/225.jpg
  artifactKey: Guid(52c3caf193f34a84dac76321697f6a63) Importer(815301076,1909f56bfc062723c751e8b465ee728b)
Start importing Assets/textures/hd_realistic_textures/225.jpg using Guid(52c3caf193f34a84dac76321697f6a63) Importer(815301076,1909f56bfc062723c751e8b465ee728b)  -> (artifact id: 'ef0a593eb1a1638d465bdc0dbe61b798') in 0.037598 seconds 
========================================================================
Received Import Request.
  Time since last request: 0.000060 seconds.
  path: Assets/textures/hd_realistic_textures/232_norm.jpg
  artifactKey: Guid(836bb30f038b840488feb1e839833a50) Importer(815301076,1909f56bfc062723c751e8b465ee728b)
Start importing Assets/textures/hd_realistic_textures/232_norm.jpg using Guid(836bb30f038b840488feb1e839833a50) Importer(815301076,1909f56bfc062723c751e8b465ee728b)  -> (artifact id: 'fa634be82973c8f3c03abd34ec9076b0') in 0.041422 seconds 
========================================================================
Received Import Request.
  Time since last request: 0.000035 seconds.
  path: Assets/textures/hd_realistic_textures/233.jpg
  artifactKey: Guid(e428fdbf61c032242ab9e5edbe358b4c) Importer(815301076,1909f56bfc062723c751e8b465ee728b)
Start importing Assets/textures/hd_realistic_textures/233.jpg using Guid(e428fdbf61c032242ab9e5edbe358b4c) Importer(815301076,1909f56bfc062723c751e8b465ee728b)  -> (artifact id: '1958988096c7833de54ed7264c3d74f1') in 0.037639 seconds 
========================================================================
Received Import Request.
  Time since last request: 0.000037 seconds.
  path: Assets/textures/hd_realistic_textures/233_norm.jpg
  artifactKey: Guid(612d4a2c4db952c4ba1eca4ffc8b9b7d) Importer(815301076,1909f56bfc062723c751e8b465ee728b)
Start importing Assets/textures/hd_realistic_textures/233_norm.jpg using Guid(612d4a2c4db952c4ba1eca4ffc8b9b7d) Importer(815301076,1909f56bfc062723c751e8b465ee728b)  -> (artifact id: 'd2717b323115ccb3fe2b37119f224f61') in 0.039867 seconds 
========================================================================
Received Import Request.
  Time since last request: 0.000081 seconds.
  path: Assets/textures/hd_realistic_textures/227.jpg
  artifactKey: Guid(e73345fe2dc63a247973c9ede21d434d) Importer(815301076,1909f56bfc062723c751e8b465ee728b)
Start importing Assets/textures/hd_realistic_textures/227.jpg using Guid(e73345fe2dc63a247973c9ede21d434d) Importer(815301076,1909f56bfc062723c751e8b465ee728b)  -> (artifact id: '7b053a6fe2bf0dfe55260d2445944c10') in 0.036298 seconds 
========================================================================
Received Import Request.
  Time since last request: 0.000076 seconds.
  path: Assets/textures/hd_realistic_textures/236.jpg
  artifactKey: Guid(19e4dd3ce9838324a98b06532e977e35) Importer(815301076,1909f56bfc062723c751e8b465ee728b)
Start importing Assets/textures/hd_realistic_textures/236.jpg using Guid(19e4dd3ce9838324a98b06532e977e35) Importer(815301076,1909f56bfc062723c751e8b465ee728b)  -> (artifact id: 'adab7c980b1b69661fee6b8e3a713bbb') in 0.035978 seconds 
========================================================================
Received Import Request.
  Time since last request: 0.000077 seconds.
  path: Assets/textures/hd_realistic_textures/228_norm.jpg
  artifactKey: Guid(63036b8654c3c8549acf0434284ef28d) Importer(815301076,1909f56bfc062723c751e8b465ee728b)
Start importing Assets/textures/hd_realistic_textures/228_norm.jpg using Guid(63036b8654c3c8549acf0434284ef28d) Importer(815301076,1909f56bfc062723c751e8b465ee728b)  -> (artifact id: '597750f91d31d9826113b60b0d8097ae') in 0.034941 seconds 
========================================================================
Received Import Request.
  Time since last request: 0.000037 seconds.
  path: Assets/textures/hd_realistic_textures/234.jpg
  artifactKey: Guid(215f780765e4d1445a421b661e1758f5) Importer(815301076,1909f56bfc062723c751e8b465ee728b)
Start importing Assets/textures/hd_realistic_textures/234.jpg using Guid(215f780765e4d1445a421b661e1758f5) Importer(815301076,1909f56bfc062723c751e8b465ee728b)  -> (artifact id: '2a7f1179c4a02d5165b817ecdfd31d85') in 0.037396 seconds 
========================================================================
Received Import Request.
  Time since last request: 0.000040 seconds.
  path: Assets/textures/hd_realistic_textures/232.jpg
  artifactKey: Guid(2c471837bc7b0cf48bc9d44c83c756af) Importer(815301076,1909f56bfc062723c751e8b465ee728b)
Start importing Assets/textures/hd_realistic_textures/232.jpg using Guid(2c471837bc7b0cf48bc9d44c83c756af) Importer(815301076,1909f56bfc062723c751e8b465ee728b)  -> (artifact id: 'a5f84becf1bc9a97e49bc8fed13e44e4') in 0.037736 seconds 
========================================================================
Received Import Request.
  Time since last request: 0.000068 seconds.
  path: Assets/textures/hd_realistic_textures/228.jpg
  artifactKey: Guid(1385c8cc94b2751429738f0b4fc10fa5) Importer(815301076,1909f56bfc062723c751e8b465ee728b)
Start importing Assets/textures/hd_realistic_textures/228.jpg using Guid(1385c8cc94b2751429738f0b4fc10fa5) Importer(815301076,1909f56bfc062723c751e8b465ee728b)  -> (artifact id: 'f5f6addb502e6a583b0618e5becb8388') in 0.037937 seconds 
========================================================================
Received Import Request.
  Time since last request: 0.000051 seconds.
  path: Assets/textures/hd_realistic_textures/226_norm.jpg
  artifactKey: Guid(df360d69d3017a040895a9828698f74e) Importer(815301076,1909f56bfc062723c751e8b465ee728b)
Start importing Assets/textures/hd_realistic_textures/226_norm.jpg using Guid(df360d69d3017a040895a9828698f74e) Importer(815301076,1909f56bfc062723c751e8b465ee728b)  -> (artifact id: '917779ccb21a41f73b237b6ce204515e') in 0.033451 seconds 
========================================================================
Received Import Request.
  Time since last request: 1.133290 seconds.
  path: Assets/textures/hd_realistic_textures/237_norm.jpg
  artifactKey: Guid(e05fa7e30626a5548bc8534e0c1d3213) Importer(815301076,1909f56bfc062723c751e8b465ee728b)
Start importing Assets/textures/hd_realistic_textures/237_norm.jpg using Guid(e05fa7e30626a5548bc8534e0c1d3213) Importer(815301076,1909f56bfc062723c751e8b465ee728b)  -> (artifact id: '6f69dc04010d4f61fe0c1fd2238acd3c') in 0.069981 seconds 
========================================================================
Received Import Request.
  Time since last request: 0.000062 seconds.
  path: Assets/textures/hd_realistic_textures/242_norm.jpg
  artifactKey: Guid(20a672d1829c54149b8c67bacd6cf2f7) Importer(815301076,1909f56bfc062723c751e8b465ee728b)
Start importing Assets/textures/hd_realistic_textures/242_norm.jpg using Guid(20a672d1829c54149b8c67bacd6cf2f7) Importer(815301076,1909f56bfc062723c751e8b465ee728b)  -> (artifact id: '88cb1bbe342396dac8937ea7918524e6') in 0.050645 seconds 
========================================================================
Received Import Request.
  Time since last request: 0.000074 seconds.
  path: Assets/textures/hd_realistic_textures/240.jpg
  artifactKey: Guid(2ea0807742e7838478ac75bca4870dad) Importer(815301076,1909f56bfc062723c751e8b465ee728b)
Start importing Assets/textures/hd_realistic_textures/240.jpg using Guid(2ea0807742e7838478ac75bca4870dad) Importer(815301076,1909f56bfc062723c751e8b465ee728b)  -> (artifact id: '894081ae6187fd18dad04fae27160329') in 0.034037 seconds 
========================================================================
Received Import Request.
  Time since last request: 0.000058 seconds.
  path: Assets/textures/hd_realistic_textures/239_norm.jpg
  artifactKey: Guid(c5ccad25f26aecf4190f237338fcfc5c) Importer(815301076,1909f56bfc062723c751e8b465ee728b)
Start importing Assets/textures/hd_realistic_textures/239_norm.jpg using Guid(c5ccad25f26aecf4190f237338fcfc5c) Importer(815301076,1909f56bfc062723c751e8b465ee728b)  -> (artifact id: '86568c809912366c5e0ef1bbae7b0fb3') in 0.037058 seconds 
========================================================================
Received Import Request.
  Time since last request: 0.000042 seconds.
  path: Assets/textures/hd_realistic_textures/243.jpg
  artifactKey: Guid(7d59e2e361f864242ae36269af4aa19d) Importer(815301076,1909f56bfc062723c751e8b465ee728b)
Start importing Assets/textures/hd_realistic_textures/243.jpg using Guid(7d59e2e361f864242ae36269af4aa19d) Importer(815301076,1909f56bfc062723c751e8b465ee728b)  -> (artifact id: '8b0deab3acc5f626fa976173cb590ab0') in 0.035686 seconds 
========================================================================
Received Import Request.
  Time since last request: 0.000041 seconds.
  path: Assets/textures/hd_realistic_textures/239.jpg
  artifactKey: Guid(928dc0b8ce325a7478c5d16fbb5e934a) Importer(815301076,1909f56bfc062723c751e8b465ee728b)
Start importing Assets/textures/hd_realistic_textures/239.jpg using Guid(928dc0b8ce325a7478c5d16fbb5e934a) Importer(815301076,1909f56bfc062723c751e8b465ee728b)  -> (artifact id: 'bcbda65bfe0bb11ee1077d38f76313bf') in 0.035060 seconds 
========================================================================
Received Import Request.
  Time since last request: 0.000036 seconds.
  path: Assets/textures/hd_realistic_textures/242.jpg
  artifactKey: Guid(5108363a7f214a444aa0d0b7f48f9075) Importer(815301076,1909f56bfc062723c751e8b465ee728b)
Start importing Assets/textures/hd_realistic_textures/242.jpg using Guid(5108363a7f214a444aa0d0b7f48f9075) Importer(815301076,1909f56bfc062723c751e8b465ee728b)  -> (artifact id: '7771a455ca017409a761c2bb6481a1b5') in 0.034048 seconds 
========================================================================
Received Import Request.
  Time since last request: 0.000029 seconds.
  path: Assets/textures/hd_realistic_textures/241_norm.jpg
  artifactKey: Guid(21c27e1b64fb8cf4e8b829e213a6d076) Importer(815301076,1909f56bfc062723c751e8b465ee728b)
Start importing Assets/textures/hd_realistic_textures/241_norm.jpg using Guid(21c27e1b64fb8cf4e8b829e213a6d076) Importer(815301076,1909f56bfc062723c751e8b465ee728b)  -> (artifact id: '62ed8851d4b80d3faa13b8a1d5a1cf7f') in 0.034780 seconds 
========================================================================
Received Import Request.
  Time since last request: 0.000048 seconds.
  path: Assets/textures/hd_realistic_textures/244.jpg
  artifactKey: Guid(a94edfb6aa2b7314ab26ab89bef0bb7a) Importer(815301076,1909f56bfc062723c751e8b465ee728b)
Start importing Assets/textures/hd_realistic_textures/244.jpg using Guid(a94edfb6aa2b7314ab26ab89bef0bb7a) Importer(815301076,1909f56bfc062723c751e8b465ee728b)  -> (artifact id: '5e9f783db82dcf57381d9fe696b64c19') in 0.037430 seconds 
========================================================================
Received Import Request.
  Time since last request: 196.721595 seconds.
  path: Assets/textures/hd_realistic_textures/246_norm.jpg
  artifactKey: Guid(bc3dbe7902b4e4a48807696d742774ce) Importer(815301076,1909f56bfc062723c751e8b465ee728b)
Start importing Assets/textures/hd_realistic_textures/246_norm.jpg using Guid(bc3dbe7902b4e4a48807696d742774ce) Importer(815301076,1909f56bfc062723c751e8b465ee728b)  -> (artifact id: 'e1451c0446321e9db6bb2374411e4b03') in 0.088490 seconds 
========================================================================
Received Import Request.
  Time since last request: 0.000063 seconds.
  path: Assets/textures/hd_realistic_textures/250.jpg
  artifactKey: Guid(10044ab5600f18c42bdbb31cef2a9d91) Importer(815301076,1909f56bfc062723c751e8b465ee728b)
Start importing Assets/textures/hd_realistic_textures/250.jpg using Guid(10044ab5600f18c42bdbb31cef2a9d91) Importer(815301076,1909f56bfc062723c751e8b465ee728b)  -> (artifact id: 'd8e4c18dddecccb06eb354cf74e5975c') in 0.033120 seconds 
========================================================================
Received Import Request.
  Time since last request: 0.000059 seconds.
  path: Assets/textures/hd_realistic_textures/249.jpg
  artifactKey: Guid(8896eeaa233da1544bda79f2eecfbecd) Importer(815301076,1909f56bfc062723c751e8b465ee728b)
Start importing Assets/textures/hd_realistic_textures/249.jpg using Guid(8896eeaa233da1544bda79f2eecfbecd) Importer(815301076,1909f56bfc062723c751e8b465ee728b)  -> (artifact id: '343524ac333be1a47720e33d7a325129') in 0.032442 seconds 
========================================================================
Received Import Request.
  Time since last request: 0.000066 seconds.
  path: Assets/textures/hd_realistic_textures/248.jpg
  artifactKey: Guid(f1c725a287004b34780a415ff6af77e0) Importer(815301076,1909f56bfc062723c751e8b465ee728b)
Start importing Assets/textures/hd_realistic_textures/248.jpg using Guid(f1c725a287004b34780a415ff6af77e0) Importer(815301076,1909f56bfc062723c751e8b465ee728b)  -> (artifact id: 'fe717900f7e3ef33cd90c2ebb10ade52') in 0.042079 seconds 
========================================================================
Received Import Request.
  Time since last request: 0.000064 seconds.
  path: Assets/textures/hd_realistic_textures/248_norm.jpg
  artifactKey: Guid(6e1551e0280147b4396bc75c448edec7) Importer(815301076,1909f56bfc062723c751e8b465ee728b)
Start importing Assets/textures/hd_realistic_textures/248_norm.jpg using Guid(6e1551e0280147b4396bc75c448edec7) Importer(815301076,1909f56bfc062723c751e8b465ee728b)  -> (artifact id: '1491540c08a45753520602bdb39cbc36') in 0.034066 seconds 
========================================================================
Received Import Request.
  Time since last request: 390.841193 seconds.
  path: Assets/materials
  artifactKey: Guid(658eb539f55f26d4493e421aa96ba54d) Importer(815301076,1909f56bfc062723c751e8b465ee728b)
Start importing Assets/materials using Guid(658eb539f55f26d4493e421aa96ba54d) Importer(815301076,1909f56bfc062723c751e8b465ee728b)  -> (artifact id: 'a1da73a4b8e28d596cf5fd58d19ceebc') in 0.004527 seconds 
========================================================================
Received Import Request.
  Time since last request: 88.927433 seconds.
  path: Assets/materials/grass.mat
  artifactKey: Guid(bfbf73c78be9002499f15e19352a6936) Importer(815301076,1909f56bfc062723c751e8b465ee728b)
Start importing Assets/materials/grass.mat using Guid(bfbf73c78be9002499f15e19352a6936) Importer(815301076,1909f56bfc062723c751e8b465ee728b)  -> (artifact id: '13e3edba1d7d30c31457b50db24e5621') in 0.161937 seconds 
========================================================================
Received Prepare
Registering precompiled user dll's ...
Registered in 0.014602 seconds.
Begin MonoManager ReloadAssembly
Symbol file LoadedFromMemory doesn't match image C:\Users\zradinski\Desktop\game dev\My project\Library\PackageCache\com.unity.visualscripting@1.7.8\Editor\VisualScripting.Core\Dependencies\YamlDotNet\Unity.VisualScripting.YamlDotNet.dll
Symbol file LoadedFromMemory doesn't match image C:\Users\zradinski\Desktop\game dev\My project\Library\PackageCache\com.unity.visualscripting@1.7.8\Editor\VisualScripting.Core\Dependencies\DotNetZip\Unity.VisualScripting.IonicZip.dll
Native extension for WindowsStandalone target not found
Native extension for WebGL target not found
Refreshing native plugins compatible for Editor in 1.52 ms, found 3 plugins.
Preloading 0 native plugins for Editor in 0.00 ms.
Mono: successfully reloaded assembly
- Completed reload, in  4.489 seconds
Domain Reload Profiling:
	ReloadAssembly (4491ms)
		BeginReloadAssembly (670ms)
			ExecutionOrderSort (0ms)
			DisableScriptedObjects (17ms)
			BackupInstance (0ms)
			ReleaseScriptingObjects (0ms)
			CreateAndSetChildDomain (156ms)
		EndReloadAssembly (3185ms)
			LoadAssemblies (591ms)
			RebuildTransferFunctionScriptingTraits (0ms)
			SetupTypeCache (1400ms)
			ReleaseScriptCaches (5ms)
			RebuildScriptCaches (118ms)
			SetupLoadedEditorAssemblies (1074ms)
				LogAssemblyErrors (0ms)
				InitializePlatformSupportModulesInManaged (58ms)
				SetLoadedEditorAssemblies (3ms)
				RefreshPlugins (2ms)
				BeforeProcessingInitializeOnLoad (256ms)
				ProcessInitializeOnLoadAttributes (640ms)
				ProcessInitializeOnLoadMethodAttributes (88ms)
				AfterProcessingInitializeOnLoad (27ms)
				EditorAssembliesLoaded (1ms)
			ExecutionOrderSort2 (0ms)
			AwakeInstancesAfterBackupRestoration (36ms)
Platform modules already initialized, skipping
Refreshing native plugins compatible for Editor in 3.16 ms, found 3 plugins.
Preloading 0 native plugins for Editor in 0.00 ms.
Unloading 3373 Unused Serialized files (Serialized files now loaded: 0)
Unloading 20 unused Assets / (78.3 KB). Loaded Objects now: 3879.
Memory consumption went from 120.8 MB to 120.7 MB.
Total: 5.125000 ms (FindLiveObjects: 0.466800 ms CreateObjectMapping: 0.276600 ms MarkObjects: 4.228700 ms  DeleteObjects: 0.148700 ms)

AssetImportParameters requested are different than current active one (requested -> active):
  custom:video-decoder-ogg-theora: a1e56fd34408186e4bbccfd4996cb3dc -> 
  custom:container-muxer-webm: aa71ff27fc2769a1b78a27578f13a17b -> 
  custom:container-demuxer-webm: 4f35f7cbe854078d1ac9338744f61a02 -> 
  custom:video-encoder-webm-vp8: eb34c28f22e8b96e1ab97ce403110664 -> 
  custom:audio-encoder-webm-vorbis: bf7c407c2cedff20999df2af8eb42d56 -> 
  custom:framework-win-MediaFoundation: 216162199b28c13a410421893ffa2e32 -> 
  custom:container-demuxer-ogg: 62fdf1f143b41e24485cea50d1cbac27 -> 
  custom:video-decoder-webm-vp8: 9c59270c3fd7afecdb556c50c9e8de78 -> 
  custom:audio-decoder-ogg-vorbis: bf7c407c2cedff20999df2af8eb42d56 -> 
========================================================================
Received Import Request.
  Time since last request: 923.421977 seconds.
  path: Assets/materials/bark.mat
  artifactKey: Guid(8c5f8206d26dc324ab13587c995c4117) Importer(815301076,1909f56bfc062723c751e8b465ee728b)
Start importing Assets/materials/bark.mat using Guid(8c5f8206d26dc324ab13587c995c4117) Importer(815301076,1909f56bfc062723c751e8b465ee728b)  -> (artifact id: 'd6fb2ad1b985c66b280b7ff13d53949c') in 0.151634 seconds 
========================================================================
Received Import Request.
  Time since last request: 1653.283788 seconds.
  path: Assets/materials/235.jpg
  artifactKey: Guid(6381fc85b3291a949b2666e720f040a4) Importer(815301076,1909f56bfc062723c751e8b465ee728b)
Start importing Assets/materials/235.jpg using Guid(6381fc85b3291a949b2666e720f040a4) Importer(815301076,1909f56bfc062723c751e8b465ee728b)  -> (artifact id: 'ec8d7faa7e10801c877790a1e4bca649') in 0.064158 seconds 
========================================================================
Received Import Request.
  Time since last request: 21.092509 seconds.
  path: Assets/textures/toon_textures
  artifactKey: Guid(cfb43bef452f06442a7c2f887071a5f1) Importer(815301076,1909f56bfc062723c751e8b465ee728b)
Start importing Assets/textures/toon_textures using Guid(cfb43bef452f06442a7c2f887071a5f1) Importer(815301076,1909f56bfc062723c751e8b465ee728b)  -> (artifact id: '757a420f1474f53929a06df9a147a48a') in 0.006016 seconds 
